[0.070s] Invoking command in '/home/alex/repos/Real-Time-OS/ros2_ws/build/qnx': CMAKE_PREFIX_PATH=${CMAKE_PREFIX_PATH}:/opt/ros/humble /usr/bin/cmake --build /home/alex/repos/Real-Time-OS/ros2_ws/build/qnx -- -j4 -l4
[0.304s] [35m[1mConsolidate compiler generated dependencies of target qnx[0m
[0.416s] [100%] Built target qnx
[0.463s] Invoked command in '/home/alex/repos/Real-Time-OS/ros2_ws/build/qnx' returned '0': CMAKE_PREFIX_PATH=${CMAKE_PREFIX_PATH}:/opt/ros/humble /usr/bin/cmake --build /home/alex/repos/Real-Time-OS/ros2_ws/build/qnx -- -j4 -l4
[0.511s] Invoking command in '/home/alex/repos/Real-Time-OS/ros2_ws/build/qnx': CMAKE_PREFIX_PATH=${CMAKE_PREFIX_PATH}:/opt/ros/humble /usr/bin/cmake --install /home/alex/repos/Real-Time-OS/ros2_ws/build/qnx
[0.543s] -- Install configuration: ""
[0.545s] -- Up-to-date: /home/alex/repos/Real-Time-OS/ros2_ws/install/qnx/lib/qnx/qnx
[0.546s] -- Up-to-date: /home/alex/repos/Real-Time-OS/ros2_ws/install/qnx/share/ament_index/resource_index/package_run_dependencies/qnx
[0.547s] -- Up-to-date: /home/alex/repos/Real-Time-OS/ros2_ws/install/qnx/share/ament_index/resource_index/parent_prefix_path/qnx
[0.547s] -- Up-to-date: /home/alex/repos/Real-Time-OS/ros2_ws/install/qnx/share/qnx/environment/ament_prefix_path.sh
[0.548s] -- Up-to-date: /home/alex/repos/Real-Time-OS/ros2_ws/install/qnx/share/qnx/environment/ament_prefix_path.dsv
[0.548s] -- Up-to-date: /home/alex/repos/Real-Time-OS/ros2_ws/install/qnx/share/qnx/environment/path.sh
[0.549s] -- Up-to-date: /home/alex/repos/Real-Time-OS/ros2_ws/install/qnx/share/qnx/environment/path.dsv
[0.550s] -- Up-to-date: /home/alex/repos/Real-Time-OS/ros2_ws/install/qnx/share/qnx/local_setup.bash
[0.551s] -- Up-to-date: /home/alex/repos/Real-Time-OS/ros2_ws/install/qnx/share/qnx/local_setup.sh
[0.551s] -- Up-to-date: /home/alex/repos/Real-Time-OS/ros2_ws/install/qnx/share/qnx/local_setup.zsh
[0.552s] -- Up-to-date: /home/alex/repos/Real-Time-OS/ros2_ws/install/qnx/share/qnx/local_setup.dsv
[0.552s] -- Installing: /home/alex/repos/Real-Time-OS/ros2_ws/install/qnx/share/qnx/package.dsv
[0.553s] -- Up-to-date: /home/alex/repos/Real-Time-OS/ros2_ws/install/qnx/share/ament_index/resource_index/packages/qnx
[0.553s] -- Up-to-date: /home/alex/repos/Real-Time-OS/ros2_ws/install/qnx/share/qnx/cmake/qnxConfig.cmake
[0.554s] -- Up-to-date: /home/alex/repos/Real-Time-OS/ros2_ws/install/qnx/share/qnx/cmake/qnxConfig-version.cmake
[0.554s] -- Up-to-date: /home/alex/repos/Real-Time-OS/ros2_ws/install/qnx/share/qnx/package.xml
[0.561s] Invoked command in '/home/alex/repos/Real-Time-OS/ros2_ws/build/qnx' returned '0': CMAKE_PREFIX_PATH=${CMAKE_PREFIX_PATH}:/opt/ros/humble /usr/bin/cmake --install /home/alex/repos/Real-Time-OS/ros2_ws/build/qnx
