[0.532s] DEBUG:colcon:Command line arguments: ['/usr/bin/colcon', 'build']
[0.533s] DEBUG:colcon:Parsed command line arguments: Namespace(log_base=None, log_level=None, verb_name='build', build_base='build', install_base='install', merge_install=False, symlink_install=False, test_result_base=None, continue_on_error=False, executor='parallel', parallel_workers=4, event_handlers=None, ignore_user_meta=False, metas=['./colcon.meta'], base_paths=['.'], packages_ignore=None, packages_ignore_regex=None, paths=None, packages_up_to=None, packages_up_to_regex=None, packages_above=None, packages_above_and_dependencies=None, packages_above_depth=None, packages_select_by_dep=None, packages_skip_by_dep=None, packages_skip_up_to=None, packages_select_build_failed=False, packages_skip_build_finished=False, packages_select_test_failures=False, packages_skip_test_passed=False, packages_select=None, packages_skip=None, packages_select_regex=None, packages_skip_regex=None, packages_start=None, packages_end=None, allow_overriding=[], cmake_args=None, cmake_target=None, cmake_target_skip_unavailable=False, cmake_clean_cache=False, cmake_clean_first=False, cmake_force_configure=False, ament_cmake_args=None, catkin_cmake_args=None, catkin_skip_building_tests=False, verb_parser=<colcon_defaults.argument_parser.defaults.DefaultArgumentsDecorator object at 0xffff8519f820>, verb_extension=<colcon_core.verb.build.BuildVerb object at 0xffff85380c10>, main=<bound method BuildVerb.main of <colcon_core.verb.build.BuildVerb object at 0xffff85380c10>>)
[1.513s] Level 1:colcon.colcon_core.package_discovery:discover_packages(colcon_meta) check parameters
[1.514s] Level 1:colcon.colcon_core.package_discovery:discover_packages(recursive) check parameters
[1.514s] Level 1:colcon.colcon_core.package_discovery:discover_packages(ignore) check parameters
[1.514s] Level 1:colcon.colcon_core.package_discovery:discover_packages(path) check parameters
[1.514s] Level 1:colcon.colcon_core.package_discovery:discover_packages(colcon_meta) discover
[1.514s] Level 1:colcon.colcon_core.package_discovery:discover_packages(recursive) discover
[1.515s] INFO:colcon.colcon_core.package_discovery:Crawling recursively for packages in '/home/alex/repos/Real-Time-OS/ros2_ws'
[1.515s] Level 1:colcon.colcon_core.package_identification:_identify(.) by extensions ['ignore', 'ignore_ament_install']
[1.516s] Level 1:colcon.colcon_core.package_identification:_identify(.) by extension 'ignore'
[1.516s] Level 1:colcon.colcon_core.package_identification:_identify(.) by extension 'ignore_ament_install'
[1.516s] Level 1:colcon.colcon_core.package_identification:_identify(.) by extensions ['colcon_pkg']
[1.517s] Level 1:colcon.colcon_core.package_identification:_identify(.) by extension 'colcon_pkg'
[1.517s] Level 1:colcon.colcon_core.package_identification:_identify(.) by extensions ['colcon_meta']
[1.517s] Level 1:colcon.colcon_core.package_identification:_identify(.) by extension 'colcon_meta'
[1.517s] Level 1:colcon.colcon_core.package_identification:_identify(.) by extensions ['ros']
[1.517s] Level 1:colcon.colcon_core.package_identification:_identify(.) by extension 'ros'
[1.572s] Level 1:colcon.colcon_core.package_identification:_identify(.) by extensions ['cmake', 'python']
[1.572s] Level 1:colcon.colcon_core.package_identification:_identify(.) by extension 'cmake'
[1.572s] Level 1:colcon.colcon_core.package_identification:_identify(.) by extension 'python'
[1.572s] Level 1:colcon.colcon_core.package_identification:_identify(.) by extensions ['python_setup_py']
[1.572s] Level 1:colcon.colcon_core.package_identification:_identify(.) by extension 'python_setup_py'
[1.573s] Level 1:colcon.colcon_core.package_identification:_identify(build) by extensions ['ignore', 'ignore_ament_install']
[1.573s] Level 1:colcon.colcon_core.package_identification:_identify(build) by extension 'ignore'
[1.574s] Level 1:colcon.colcon_core.package_identification:_identify(build) ignored
[1.575s] Level 1:colcon.colcon_core.package_identification:_identify(install) by extensions ['ignore', 'ignore_ament_install']
[1.575s] Level 1:colcon.colcon_core.package_identification:_identify(install) by extension 'ignore'
[1.576s] Level 1:colcon.colcon_core.package_identification:_identify(install) ignored
[1.576s] Level 1:colcon.colcon_core.package_identification:_identify(log) by extensions ['ignore', 'ignore_ament_install']
[1.577s] Level 1:colcon.colcon_core.package_identification:_identify(log) by extension 'ignore'
[1.577s] Level 1:colcon.colcon_core.package_identification:_identify(log) ignored
[1.577s] Level 1:colcon.colcon_core.package_identification:_identify(src) by extensions ['ignore', 'ignore_ament_install']
[1.578s] Level 1:colcon.colcon_core.package_identification:_identify(src) by extension 'ignore'
[1.578s] Level 1:colcon.colcon_core.package_identification:_identify(src) by extension 'ignore_ament_install'
[1.578s] Level 1:colcon.colcon_core.package_identification:_identify(src) by extensions ['colcon_pkg']
[1.578s] Level 1:colcon.colcon_core.package_identification:_identify(src) by extension 'colcon_pkg'
[1.579s] Level 1:colcon.colcon_core.package_identification:_identify(src) by extensions ['colcon_meta']
[1.579s] Level 1:colcon.colcon_core.package_identification:_identify(src) by extension 'colcon_meta'
[1.579s] Level 1:colcon.colcon_core.package_identification:_identify(src) by extensions ['ros']
[1.579s] Level 1:colcon.colcon_core.package_identification:_identify(src) by extension 'ros'
[1.579s] Level 1:colcon.colcon_core.package_identification:_identify(src) by extensions ['cmake', 'python']
[1.580s] Level 1:colcon.colcon_core.package_identification:_identify(src) by extension 'cmake'
[1.580s] Level 1:colcon.colcon_core.package_identification:_identify(src) by extension 'python'
[1.580s] Level 1:colcon.colcon_core.package_identification:_identify(src) by extensions ['python_setup_py']
[1.580s] Level 1:colcon.colcon_core.package_identification:_identify(src) by extension 'python_setup_py'
[1.581s] Level 1:colcon.colcon_core.package_identification:_identify(src/qnx) by extensions ['ignore', 'ignore_ament_install']
[1.581s] Level 1:colcon.colcon_core.package_identification:_identify(src/qnx) by extension 'ignore'
[1.581s] Level 1:colcon.colcon_core.package_identification:_identify(src/qnx) by extension 'ignore_ament_install'
[1.582s] Level 1:colcon.colcon_core.package_identification:_identify(src/qnx) by extensions ['colcon_pkg']
[1.582s] Level 1:colcon.colcon_core.package_identification:_identify(src/qnx) by extension 'colcon_pkg'
[1.582s] Level 1:colcon.colcon_core.package_identification:_identify(src/qnx) by extensions ['colcon_meta']
[1.582s] Level 1:colcon.colcon_core.package_identification:_identify(src/qnx) by extension 'colcon_meta'
[1.582s] Level 1:colcon.colcon_core.package_identification:_identify(src/qnx) by extensions ['ros']
[1.582s] Level 1:colcon.colcon_core.package_identification:_identify(src/qnx) by extension 'ros'
[1.594s] DEBUG:colcon.colcon_core.package_identification:Package 'src/qnx' with type 'ros.ament_cmake' and name 'qnx'
[1.594s] Level 1:colcon.colcon_core.package_discovery:discover_packages(recursive) using defaults
[1.595s] Level 1:colcon.colcon_core.package_discovery:discover_packages(ignore) discover
[1.595s] Level 1:colcon.colcon_core.package_discovery:discover_packages(ignore) using defaults
[1.595s] Level 1:colcon.colcon_core.package_discovery:discover_packages(path) discover
[1.595s] Level 1:colcon.colcon_core.package_discovery:discover_packages(path) using defaults
[1.683s] Level 1:colcon.colcon_core.package_discovery:discover_packages(prefix_path) check parameters
[1.683s] Level 1:colcon.colcon_core.package_discovery:discover_packages(prefix_path) discover
[1.693s] DEBUG:colcon.colcon_installed_package_information.package_discovery:Found 2 installed packages in /home/alex/repos/Real-Time-OS/ros2_ws/install
[1.704s] DEBUG:colcon.colcon_installed_package_information.package_discovery:Found 272 installed packages in /opt/ros/humble
[1.754s] Level 1:colcon.colcon_core.package_discovery:discover_packages(prefix_path) using defaults
[1.953s] Level 5:colcon.colcon_core.verb:set package 'qnx' build argument 'cmake_args' from command line to 'None'
[1.954s] Level 5:colcon.colcon_core.verb:set package 'qnx' build argument 'cmake_target' from command line to 'None'
[1.954s] Level 5:colcon.colcon_core.verb:set package 'qnx' build argument 'cmake_target_skip_unavailable' from command line to 'False'
[1.954s] Level 5:colcon.colcon_core.verb:set package 'qnx' build argument 'cmake_clean_cache' from command line to 'False'
[1.954s] Level 5:colcon.colcon_core.verb:set package 'qnx' build argument 'cmake_clean_first' from command line to 'False'
[1.954s] Level 5:colcon.colcon_core.verb:set package 'qnx' build argument 'cmake_force_configure' from command line to 'False'
[1.955s] Level 5:colcon.colcon_core.verb:set package 'qnx' build argument 'ament_cmake_args' from command line to 'None'
[1.955s] Level 5:colcon.colcon_core.verb:set package 'qnx' build argument 'catkin_cmake_args' from command line to 'None'
[1.955s] Level 5:colcon.colcon_core.verb:set package 'qnx' build argument 'catkin_skip_building_tests' from command line to 'False'
[1.955s] DEBUG:colcon.colcon_core.verb:Building package 'qnx' with the following arguments: {'ament_cmake_args': None, 'build_base': '/home/alex/repos/Real-Time-OS/ros2_ws/build/qnx', 'catkin_cmake_args': None, 'catkin_skip_building_tests': False, 'cmake_args': None, 'cmake_clean_cache': False, 'cmake_clean_first': False, 'cmake_force_configure': False, 'cmake_target': None, 'cmake_target_skip_unavailable': False, 'install_base': '/home/alex/repos/Real-Time-OS/ros2_ws/install/qnx', 'merge_install': False, 'path': '/home/alex/repos/Real-Time-OS/ros2_ws/src/qnx', 'symlink_install': False, 'test_result_base': None}
[1.956s] INFO:colcon.colcon_core.executor:Executing jobs using 'parallel' executor
[1.959s] DEBUG:colcon.colcon_parallel_executor.executor.parallel:run_until_complete
[1.960s] INFO:colcon.colcon_ros.task.ament_cmake.build:Building ROS package in '/home/alex/repos/Real-Time-OS/ros2_ws/src/qnx' with build type 'ament_cmake'
[1.961s] INFO:colcon.colcon_cmake.task.cmake.build:Building CMake package in '/home/alex/repos/Real-Time-OS/ros2_ws/src/qnx'
[1.971s] INFO:colcon.colcon_core.plugin_system:Skipping extension 'colcon_core.shell.bat': Not used on non-Windows systems
[1.972s] INFO:colcon.colcon_core.shell:Skip shell extension 'powershell' for command environment: Not usable outside of PowerShell
[1.973s] DEBUG:colcon.colcon_core.shell:Skip shell extension 'dsv' for command environment
[2.027s] DEBUG:colcon.colcon_core.event_handler.log_command:Invoking command in '/home/alex/repos/Real-Time-OS/ros2_ws/build/qnx': CMAKE_PREFIX_PATH=${CMAKE_PREFIX_PATH}:/opt/ros/humble /usr/bin/cmake --build /home/alex/repos/Real-Time-OS/ros2_ws/build/qnx -- -j4 -l4
[2.551s] DEBUG:colcon.colcon_core.event_handler.log_command:Invoked command in '/home/alex/repos/Real-Time-OS/ros2_ws/build/qnx' returned '0': CMAKE_PREFIX_PATH=${CMAKE_PREFIX_PATH}:/opt/ros/humble /usr/bin/cmake --build /home/alex/repos/Real-Time-OS/ros2_ws/build/qnx -- -j4 -l4
[2.601s] DEBUG:colcon.colcon_core.event_handler.log_command:Invoking command in '/home/alex/repos/Real-Time-OS/ros2_ws/build/qnx': CMAKE_PREFIX_PATH=${CMAKE_PREFIX_PATH}:/opt/ros/humble /usr/bin/cmake --install /home/alex/repos/Real-Time-OS/ros2_ws/build/qnx
[2.647s] Level 1:colcon.colcon_core.environment:create_environment_scripts_only(qnx)
[2.649s] DEBUG:colcon.colcon_core.event_handler.log_command:Invoked command in '/home/alex/repos/Real-Time-OS/ros2_ws/build/qnx' returned '0': CMAKE_PREFIX_PATH=${CMAKE_PREFIX_PATH}:/opt/ros/humble /usr/bin/cmake --install /home/alex/repos/Real-Time-OS/ros2_ws/build/qnx
[2.664s] Level 1:colcon.colcon_core.environment:checking '/home/alex/repos/Real-Time-OS/ros2_ws/install/qnx' for CMake module files
[2.668s] Level 1:colcon.colcon_core.environment:checking '/home/alex/repos/Real-Time-OS/ros2_ws/install/qnx' for CMake config files
[2.671s] Level 1:colcon.colcon_core.shell:create_environment_hook('qnx', 'cmake_prefix_path')
[2.673s] INFO:colcon.colcon_core.shell:Creating environment hook '/home/alex/repos/Real-Time-OS/ros2_ws/install/qnx/share/qnx/hook/cmake_prefix_path.ps1'
[2.676s] INFO:colcon.colcon_core.shell:Creating environment descriptor '/home/alex/repos/Real-Time-OS/ros2_ws/install/qnx/share/qnx/hook/cmake_prefix_path.dsv'
[2.679s] INFO:colcon.colcon_core.shell:Creating environment hook '/home/alex/repos/Real-Time-OS/ros2_ws/install/qnx/share/qnx/hook/cmake_prefix_path.sh'
[2.684s] Level 1:colcon.colcon_core.environment:checking '/home/alex/repos/Real-Time-OS/ros2_ws/install/qnx/lib'
[2.685s] Level 1:colcon.colcon_core.environment:checking '/home/alex/repos/Real-Time-OS/ros2_ws/install/qnx/bin'
[2.685s] Level 1:colcon.colcon_core.environment:checking '/home/alex/repos/Real-Time-OS/ros2_ws/install/qnx/lib/pkgconfig/qnx.pc'
[2.686s] Level 1:colcon.colcon_core.environment:checking '/home/alex/repos/Real-Time-OS/ros2_ws/install/qnx/lib/python3.10/site-packages'
[2.688s] Level 1:colcon.colcon_core.environment:checking '/home/alex/repos/Real-Time-OS/ros2_ws/install/qnx/bin'
[2.689s] INFO:colcon.colcon_core.shell:Creating package script '/home/alex/repos/Real-Time-OS/ros2_ws/install/qnx/share/qnx/package.ps1'
[2.693s] INFO:colcon.colcon_core.shell:Creating package descriptor '/home/alex/repos/Real-Time-OS/ros2_ws/install/qnx/share/qnx/package.dsv'
[2.697s] INFO:colcon.colcon_core.shell:Creating package script '/home/alex/repos/Real-Time-OS/ros2_ws/install/qnx/share/qnx/package.sh'
[2.702s] INFO:colcon.colcon_core.shell:Creating package script '/home/alex/repos/Real-Time-OS/ros2_ws/install/qnx/share/qnx/package.bash'
[2.707s] INFO:colcon.colcon_core.shell:Creating package script '/home/alex/repos/Real-Time-OS/ros2_ws/install/qnx/share/qnx/package.zsh'
[2.710s] Level 1:colcon.colcon_core.environment:create_file_with_runtime_dependencies(/home/alex/repos/Real-Time-OS/ros2_ws/install/qnx/share/colcon-core/packages/qnx)
[2.714s] Level 1:colcon.colcon_core.environment:create_environment_scripts_only(qnx)
[2.715s] Level 1:colcon.colcon_core.environment:checking '/home/alex/repos/Real-Time-OS/ros2_ws/install/qnx' for CMake module files
[2.718s] Level 1:colcon.colcon_core.environment:checking '/home/alex/repos/Real-Time-OS/ros2_ws/install/qnx' for CMake config files
[2.721s] Level 1:colcon.colcon_core.shell:create_environment_hook('qnx', 'cmake_prefix_path')
[2.722s] INFO:colcon.colcon_core.shell:Creating environment hook '/home/alex/repos/Real-Time-OS/ros2_ws/install/qnx/share/qnx/hook/cmake_prefix_path.ps1'
[2.724s] INFO:colcon.colcon_core.shell:Creating environment descriptor '/home/alex/repos/Real-Time-OS/ros2_ws/install/qnx/share/qnx/hook/cmake_prefix_path.dsv'
[2.726s] INFO:colcon.colcon_core.shell:Creating environment hook '/home/alex/repos/Real-Time-OS/ros2_ws/install/qnx/share/qnx/hook/cmake_prefix_path.sh'
[2.730s] Level 1:colcon.colcon_core.environment:checking '/home/alex/repos/Real-Time-OS/ros2_ws/install/qnx/lib'
[2.730s] Level 1:colcon.colcon_core.environment:checking '/home/alex/repos/Real-Time-OS/ros2_ws/install/qnx/bin'
[2.731s] Level 1:colcon.colcon_core.environment:checking '/home/alex/repos/Real-Time-OS/ros2_ws/install/qnx/lib/pkgconfig/qnx.pc'
[2.732s] Level 1:colcon.colcon_core.environment:checking '/home/alex/repos/Real-Time-OS/ros2_ws/install/qnx/lib/python3.10/site-packages'
[2.733s] Level 1:colcon.colcon_core.environment:checking '/home/alex/repos/Real-Time-OS/ros2_ws/install/qnx/bin'
[2.734s] INFO:colcon.colcon_core.shell:Creating package script '/home/alex/repos/Real-Time-OS/ros2_ws/install/qnx/share/qnx/package.ps1'
[2.738s] INFO:colcon.colcon_core.shell:Creating package descriptor '/home/alex/repos/Real-Time-OS/ros2_ws/install/qnx/share/qnx/package.dsv'
[2.741s] INFO:colcon.colcon_core.shell:Creating package script '/home/alex/repos/Real-Time-OS/ros2_ws/install/qnx/share/qnx/package.sh'
[2.743s] INFO:colcon.colcon_core.shell:Creating package script '/home/alex/repos/Real-Time-OS/ros2_ws/install/qnx/share/qnx/package.bash'
[2.746s] INFO:colcon.colcon_core.shell:Creating package script '/home/alex/repos/Real-Time-OS/ros2_ws/install/qnx/share/qnx/package.zsh'
[2.749s] Level 1:colcon.colcon_core.environment:create_file_with_runtime_dependencies(/home/alex/repos/Real-Time-OS/ros2_ws/install/qnx/share/colcon-core/packages/qnx)
[2.750s] DEBUG:colcon.colcon_parallel_executor.executor.parallel:closing loop
[2.752s] DEBUG:colcon.colcon_parallel_executor.executor.parallel:loop closed
[2.752s] DEBUG:colcon.colcon_parallel_executor.executor.parallel:run_until_complete finished with '0'
[2.753s] DEBUG:colcon.colcon_core.event_reactor:joining thread
[2.783s] INFO:colcon.colcon_core.plugin_system:Skipping extension 'colcon_notification.desktop_notification.terminal_notifier': Not used on non-Darwin systems
[2.784s] INFO:colcon.colcon_core.plugin_system:Skipping extension 'colcon_notification.desktop_notification.win32': Not used on non-Windows systems
[2.784s] INFO:colcon.colcon_notification.desktop_notification:Sending desktop notification using 'notify2'
[2.851s] DEBUG:colcon.colcon_core.event_reactor:joined thread
[2.852s] INFO:colcon.colcon_core.shell:Creating prefix script '/home/alex/repos/Real-Time-OS/ros2_ws/install/local_setup.ps1'
[2.858s] INFO:colcon.colcon_core.shell:Creating prefix util module '/home/alex/repos/Real-Time-OS/ros2_ws/install/_local_setup_util_ps1.py'
[2.866s] INFO:colcon.colcon_core.shell:Creating prefix chain script '/home/alex/repos/Real-Time-OS/ros2_ws/install/setup.ps1'
[2.874s] INFO:colcon.colcon_core.shell:Creating prefix script '/home/alex/repos/Real-Time-OS/ros2_ws/install/local_setup.sh'
[2.882s] INFO:colcon.colcon_core.shell:Creating prefix util module '/home/alex/repos/Real-Time-OS/ros2_ws/install/_local_setup_util_sh.py'
[2.886s] INFO:colcon.colcon_core.shell:Creating prefix chain script '/home/alex/repos/Real-Time-OS/ros2_ws/install/setup.sh'
[2.899s] INFO:colcon.colcon_core.shell:Creating prefix script '/home/alex/repos/Real-Time-OS/ros2_ws/install/local_setup.bash'
[2.903s] INFO:colcon.colcon_core.shell:Creating prefix chain script '/home/alex/repos/Real-Time-OS/ros2_ws/install/setup.bash'
[2.911s] INFO:colcon.colcon_core.shell:Creating prefix script '/home/alex/repos/Real-Time-OS/ros2_ws/install/local_setup.zsh'
[2.917s] INFO:colcon.colcon_core.shell:Creating prefix chain script '/home/alex/repos/Real-Time-OS/ros2_ws/install/setup.zsh'
