-- The C compiler identification is GNU 11.4.0
-- The CXX compiler identification is GNU 11.4.0
-- Detecting C compiler ABI info
-- Detecting C compiler ABI info - done
-- Check for working C compiler: /usr/bin/cc - skipped
-- Detecting C compile features
-- Detecting C compile features - done
-- Detecting CXX compiler ABI info
-- Detecting CXX compiler ABI info - done
-- Check for working CXX compiler: /usr/bin/c++ - skipped
-- Detecting CXX compile features
-- Detecting CXX compile features - done
-- Found ament_cmake: 1.3.12 (/opt/ros/humble/share/ament_cmake/cmake)
-- Found Python3: /usr/bin/python3 (found version "3.10.12") found components: Interpreter 
-- Found rclcpp: 16.0.17 (/opt/ros/humble/share/rclcpp/cmake)
-- Found rosidl_generator_c: 3.1.8 (/opt/ros/humble/share/rosidl_generator_c/cmake)
-- Found rosidl_adapter: 3.1.8 (/opt/ros/humble/share/rosidl_adapter/cmake)
-- Found rosidl_generator_cpp: 3.1.8 (/opt/ros/humble/share/rosidl_generator_cpp/cmake)
-- Using all available rosidl_typesupport_c: rosidl_typesupport_fastrtps_c;rosidl_typesupport_introspection_c
-- Using all available rosidl_typesupport_cpp: rosidl_typesupport_fastrtps_cpp;rosidl_typesupport_introspection_cpp
-- Found rmw_implementation_cmake: 6.1.2 (/opt/ros/humble/share/rmw_implementation_cmake/cmake)
-- Found rmw_fastrtps_cpp: 6.2.9 (/opt/ros/humble/share/rmw_fastrtps_cpp/cmake)
-- Found OpenSSL: /usr/lib/aarch64-linux-gnu/libcrypto.so (found version "3.0.2")  
-- Found FastRTPS: /opt/ros/humble/include  
-- Using RMW implementation 'rmw_fastrtps_cpp' as default
-- Looking for pthread.h
-- Looking for pthread.h - found
-- Performing Test CMAKE_HAVE_LIBC_PTHREAD
-- Performing Test CMAKE_HAVE_LIBC_PTHREAD - Success
-- Found Threads: TRUE  
-- Found sensor_msgs: 4.9.0 (/opt/ros/humble/share/sensor_msgs/cmake)
-- Configuring done
-- Generating done
-- Build files have been written to: /home/alex/repos/Real-Time-OS/ros2_ws/build/qnx
[ 50%] [32mBuilding CXX object CMakeFiles/qnx.dir/src/test_Sub.cpp.o[0m
[100%] [32m[1mLinking CXX executable qnx[0m
[100%] Built target qnx
-- Install configuration: ""
-- Installing: /home/alex/repos/Real-Time-OS/ros2_ws/install/qnx/lib/qnx/qnx
-- Set runtime path of "/home/alex/repos/Real-Time-OS/ros2_ws/install/qnx/lib/qnx/qnx" to ""
-- Installing: /home/alex/repos/Real-Time-OS/ros2_ws/install/qnx/share/ament_index/resource_index/package_run_dependencies/qnx
-- Installing: /home/alex/repos/Real-Time-OS/ros2_ws/install/qnx/share/ament_index/resource_index/parent_prefix_path/qnx
-- Installing: /home/alex/repos/Real-Time-OS/ros2_ws/install/qnx/share/qnx/environment/ament_prefix_path.sh
-- Installing: /home/alex/repos/Real-Time-OS/ros2_ws/install/qnx/share/qnx/environment/ament_prefix_path.dsv
-- Installing: /home/alex/repos/Real-Time-OS/ros2_ws/install/qnx/share/qnx/environment/path.sh
-- Installing: /home/alex/repos/Real-Time-OS/ros2_ws/install/qnx/share/qnx/environment/path.dsv
-- Installing: /home/alex/repos/Real-Time-OS/ros2_ws/install/qnx/share/qnx/local_setup.bash
-- Installing: /home/alex/repos/Real-Time-OS/ros2_ws/install/qnx/share/qnx/local_setup.sh
-- Installing: /home/alex/repos/Real-Time-OS/ros2_ws/install/qnx/share/qnx/local_setup.zsh
-- Installing: /home/alex/repos/Real-Time-OS/ros2_ws/install/qnx/share/qnx/local_setup.dsv
-- Installing: /home/alex/repos/Real-Time-OS/ros2_ws/install/qnx/share/qnx/package.dsv
-- Installing: /home/alex/repos/Real-Time-OS/ros2_ws/install/qnx/share/ament_index/resource_index/packages/qnx
-- Installing: /home/alex/repos/Real-Time-OS/ros2_ws/install/qnx/share/qnx/cmake/qnxConfig.cmake
-- Installing: /home/alex/repos/Real-Time-OS/ros2_ws/install/qnx/share/qnx/cmake/qnxConfig-version.cmake
-- Installing: /home/alex/repos/Real-Time-OS/ros2_ws/install/qnx/share/qnx/package.xml
