[0.056s] Invoking command in '/home/alex/repos/Real-Time-OS/ros2_ws/build/imu_bridge_qnx': CMAKE_PREFIX_PATH=/opt/ros/humble /usr/bin/cmake /home/alex/repos/Real-Time-OS/ros2_ws/src/qnx -DCMAKE_INSTALL_PREFIX=/home/alex/repos/Real-Time-OS/ros2_ws/install/imu_bridge_qnx
[0.131s] -- Found ament_cmake: 1.3.12 (/opt/ros/humble/share/ament_cmake/cmake)
[0.842s] -- Found rclcpp: 16.0.17 (/opt/ros/humble/share/rclcpp/cmake)
[1.060s] -- Found rosidl_generator_c: 3.1.8 (/opt/ros/humble/share/rosidl_generator_c/cmake)
[1.073s] -- Found rosidl_adapter: 3.1.8 (/opt/ros/humble/share/rosidl_adapter/cmake)
[1.111s] -- Found rosidl_generator_cpp: 3.1.8 (/opt/ros/humble/share/rosidl_generator_cpp/cmake)
[1.163s] -- Using all available rosidl_typesupport_c: rosidl_typesupport_fastrtps_c;rosidl_typesupport_introspection_c
[1.230s] -- Using all available rosidl_typesupport_cpp: rosidl_typesupport_fastrtps_cpp;rosidl_typesupport_introspection_cpp
[1.414s] -- Found rmw_implementation_cmake: 6.1.2 (/opt/ros/humble/share/rmw_implementation_cmake/cmake)
[1.423s] -- Found rmw_fastrtps_cpp: 6.2.9 (/opt/ros/humble/share/rmw_fastrtps_cpp/cmake)
[2.585s] -- Using RMW implementation 'rmw_fastrtps_cpp' as default
[2.818s] -- Found sensor_msgs: 4.9.0 (/opt/ros/humble/share/sensor_msgs/cmake)
[2.957s] [31mCMake Error at /opt/ros/humble/share/ament_cmake_target_dependencies/cmake/ament_target_dependencies.cmake:42 (message):
[2.958s]   ament_target_dependencies() the first argument must be a valid target name
[2.958s] Call Stack (most recent call first):
[2.958s]   CMakeLists.txt:18 (ament_target_dependencies)
[2.959s] 
[2.959s] [0m
[2.959s] -- Configuring incomplete, errors occurred!
[2.960s] See also "/home/alex/repos/Real-Time-OS/ros2_ws/build/imu_bridge_qnx/CMakeFiles/CMakeOutput.log".
[2.990s] Invoked command in '/home/alex/repos/Real-Time-OS/ros2_ws/build/imu_bridge_qnx' returned '1': CMAKE_PREFIX_PATH=/opt/ros/humble /usr/bin/cmake /home/alex/repos/Real-Time-OS/ros2_ws/src/qnx -DCMAKE_INSTALL_PREFIX=/home/alex/repos/Real-Time-OS/ros2_ws/install/imu_bridge_qnx
