[0.534s] DEBUG:colcon:Command line arguments: ['/usr/bin/colcon', 'build']
[0.534s] DEBUG:colcon:Parsed command line arguments: Namespace(log_base=None, log_level=None, verb_name='build', build_base='build', install_base='install', merge_install=False, symlink_install=False, test_result_base=None, continue_on_error=False, executor='parallel', parallel_workers=4, event_handlers=None, ignore_user_meta=False, metas=['./colcon.meta'], base_paths=['.'], packages_ignore=None, packages_ignore_regex=None, paths=None, packages_up_to=None, packages_up_to_regex=None, packages_above=None, packages_above_and_dependencies=None, packages_above_depth=None, packages_select_by_dep=None, packages_skip_by_dep=None, packages_skip_up_to=None, packages_select_build_failed=False, packages_skip_build_finished=False, packages_select_test_failures=False, packages_skip_test_passed=False, packages_select=None, packages_skip=None, packages_select_regex=None, packages_skip_regex=None, packages_start=None, packages_end=None, allow_overriding=[], cmake_args=None, cmake_target=None, cmake_target_skip_unavailable=False, cmake_clean_cache=False, cmake_clean_first=False, cmake_force_configure=False, ament_cmake_args=None, catkin_cmake_args=None, catkin_skip_building_tests=False, verb_parser=<colcon_defaults.argument_parser.defaults.DefaultArgumentsDecorator object at 0xffffa6cbb850>, verb_extension=<colcon_core.verb.build.BuildVerb object at 0xffffa6ea0c40>, main=<bound method BuildVerb.main of <colcon_core.verb.build.BuildVerb object at 0xffffa6ea0c40>>)
[1.496s] Level 1:colcon.colcon_core.package_discovery:discover_packages(colcon_meta) check parameters
[1.497s] Level 1:colcon.colcon_core.package_discovery:discover_packages(recursive) check parameters
[1.497s] Level 1:colcon.colcon_core.package_discovery:discover_packages(ignore) check parameters
[1.497s] Level 1:colcon.colcon_core.package_discovery:discover_packages(path) check parameters
[1.497s] Level 1:colcon.colcon_core.package_discovery:discover_packages(colcon_meta) discover
[1.498s] Level 1:colcon.colcon_core.package_discovery:discover_packages(recursive) discover
[1.498s] INFO:colcon.colcon_core.package_discovery:Crawling recursively for packages in '/home/alex/repos/Real-Time-OS/ros2_ws'
[1.498s] Level 1:colcon.colcon_core.package_identification:_identify(.) by extensions ['ignore', 'ignore_ament_install']
[1.499s] Level 1:colcon.colcon_core.package_identification:_identify(.) by extension 'ignore'
[1.499s] Level 1:colcon.colcon_core.package_identification:_identify(.) by extension 'ignore_ament_install'
[1.499s] Level 1:colcon.colcon_core.package_identification:_identify(.) by extensions ['colcon_pkg']
[1.499s] Level 1:colcon.colcon_core.package_identification:_identify(.) by extension 'colcon_pkg'
[1.500s] Level 1:colcon.colcon_core.package_identification:_identify(.) by extensions ['colcon_meta']
[1.500s] Level 1:colcon.colcon_core.package_identification:_identify(.) by extension 'colcon_meta'
[1.500s] Level 1:colcon.colcon_core.package_identification:_identify(.) by extensions ['ros']
[1.500s] Level 1:colcon.colcon_core.package_identification:_identify(.) by extension 'ros'
[1.564s] Level 1:colcon.colcon_core.package_identification:_identify(.) by extensions ['cmake', 'python']
[1.564s] Level 1:colcon.colcon_core.package_identification:_identify(.) by extension 'cmake'
[1.565s] Level 1:colcon.colcon_core.package_identification:_identify(.) by extension 'python'
[1.565s] Level 1:colcon.colcon_core.package_identification:_identify(.) by extensions ['python_setup_py']
[1.565s] Level 1:colcon.colcon_core.package_identification:_identify(.) by extension 'python_setup_py'
[1.566s] Level 1:colcon.colcon_core.package_identification:_identify(build) by extensions ['ignore', 'ignore_ament_install']
[1.567s] Level 1:colcon.colcon_core.package_identification:_identify(build) by extension 'ignore'
[1.567s] Level 1:colcon.colcon_core.package_identification:_identify(build) ignored
[1.568s] Level 1:colcon.colcon_core.package_identification:_identify(install) by extensions ['ignore', 'ignore_ament_install']
[1.568s] Level 1:colcon.colcon_core.package_identification:_identify(install) by extension 'ignore'
[1.569s] Level 1:colcon.colcon_core.package_identification:_identify(install) ignored
[1.569s] Level 1:colcon.colcon_core.package_identification:_identify(log) by extensions ['ignore', 'ignore_ament_install']
[1.570s] Level 1:colcon.colcon_core.package_identification:_identify(log) by extension 'ignore'
[1.571s] Level 1:colcon.colcon_core.package_identification:_identify(log) ignored
[1.571s] Level 1:colcon.colcon_core.package_identification:_identify(src) by extensions ['ignore', 'ignore_ament_install']
[1.572s] Level 1:colcon.colcon_core.package_identification:_identify(src) by extension 'ignore'
[1.572s] Level 1:colcon.colcon_core.package_identification:_identify(src) by extension 'ignore_ament_install'
[1.572s] Level 1:colcon.colcon_core.package_identification:_identify(src) by extensions ['colcon_pkg']
[1.573s] Level 1:colcon.colcon_core.package_identification:_identify(src) by extension 'colcon_pkg'
[1.573s] Level 1:colcon.colcon_core.package_identification:_identify(src) by extensions ['colcon_meta']
[1.573s] Level 1:colcon.colcon_core.package_identification:_identify(src) by extension 'colcon_meta'
[1.573s] Level 1:colcon.colcon_core.package_identification:_identify(src) by extensions ['ros']
[1.573s] Level 1:colcon.colcon_core.package_identification:_identify(src) by extension 'ros'
[1.574s] Level 1:colcon.colcon_core.package_identification:_identify(src) by extensions ['cmake', 'python']
[1.574s] Level 1:colcon.colcon_core.package_identification:_identify(src) by extension 'cmake'
[1.574s] Level 1:colcon.colcon_core.package_identification:_identify(src) by extension 'python'
[1.574s] Level 1:colcon.colcon_core.package_identification:_identify(src) by extensions ['python_setup_py']
[1.574s] Level 1:colcon.colcon_core.package_identification:_identify(src) by extension 'python_setup_py'
[1.575s] Level 1:colcon.colcon_core.package_identification:_identify(src/qnx) by extensions ['ignore', 'ignore_ament_install']
[1.575s] Level 1:colcon.colcon_core.package_identification:_identify(src/qnx) by extension 'ignore'
[1.576s] Level 1:colcon.colcon_core.package_identification:_identify(src/qnx) by extension 'ignore_ament_install'
[1.576s] Level 1:colcon.colcon_core.package_identification:_identify(src/qnx) by extensions ['colcon_pkg']
[1.576s] Level 1:colcon.colcon_core.package_identification:_identify(src/qnx) by extension 'colcon_pkg'
[1.576s] Level 1:colcon.colcon_core.package_identification:_identify(src/qnx) by extensions ['colcon_meta']
[1.576s] Level 1:colcon.colcon_core.package_identification:_identify(src/qnx) by extension 'colcon_meta'
[1.577s] Level 1:colcon.colcon_core.package_identification:_identify(src/qnx) by extensions ['ros']
[1.577s] Level 1:colcon.colcon_core.package_identification:_identify(src/qnx) by extension 'ros'
[1.587s] DEBUG:colcon.colcon_core.package_identification:Package 'src/qnx' with type 'ros.ament_cmake' and name 'qnx'
[1.588s] Level 1:colcon.colcon_core.package_discovery:discover_packages(recursive) using defaults
[1.588s] Level 1:colcon.colcon_core.package_discovery:discover_packages(ignore) discover
[1.588s] Level 1:colcon.colcon_core.package_discovery:discover_packages(ignore) using defaults
[1.588s] Level 1:colcon.colcon_core.package_discovery:discover_packages(path) discover
[1.588s] Level 1:colcon.colcon_core.package_discovery:discover_packages(path) using defaults
[1.676s] Level 1:colcon.colcon_core.package_discovery:discover_packages(prefix_path) check parameters
[1.676s] Level 1:colcon.colcon_core.package_discovery:discover_packages(prefix_path) discover
[1.693s] DEBUG:colcon.colcon_installed_package_information.package_discovery:Found 272 installed packages in /opt/ros/humble
[1.743s] Level 1:colcon.colcon_core.package_discovery:discover_packages(prefix_path) using defaults
[1.940s] Level 5:colcon.colcon_core.verb:set package 'qnx' build argument 'cmake_args' from command line to 'None'
[1.941s] Level 5:colcon.colcon_core.verb:set package 'qnx' build argument 'cmake_target' from command line to 'None'
[1.941s] Level 5:colcon.colcon_core.verb:set package 'qnx' build argument 'cmake_target_skip_unavailable' from command line to 'False'
[1.941s] Level 5:colcon.colcon_core.verb:set package 'qnx' build argument 'cmake_clean_cache' from command line to 'False'
[1.941s] Level 5:colcon.colcon_core.verb:set package 'qnx' build argument 'cmake_clean_first' from command line to 'False'
[1.941s] Level 5:colcon.colcon_core.verb:set package 'qnx' build argument 'cmake_force_configure' from command line to 'False'
[1.941s] Level 5:colcon.colcon_core.verb:set package 'qnx' build argument 'ament_cmake_args' from command line to 'None'
[1.942s] Level 5:colcon.colcon_core.verb:set package 'qnx' build argument 'catkin_cmake_args' from command line to 'None'
[1.942s] Level 5:colcon.colcon_core.verb:set package 'qnx' build argument 'catkin_skip_building_tests' from command line to 'False'
[1.942s] DEBUG:colcon.colcon_core.verb:Building package 'qnx' with the following arguments: {'ament_cmake_args': None, 'build_base': '/home/alex/repos/Real-Time-OS/ros2_ws/build/qnx', 'catkin_cmake_args': None, 'catkin_skip_building_tests': False, 'cmake_args': None, 'cmake_clean_cache': False, 'cmake_clean_first': False, 'cmake_force_configure': False, 'cmake_target': None, 'cmake_target_skip_unavailable': False, 'install_base': '/home/alex/repos/Real-Time-OS/ros2_ws/install/qnx', 'merge_install': False, 'path': '/home/alex/repos/Real-Time-OS/ros2_ws/src/qnx', 'symlink_install': False, 'test_result_base': None}
[1.943s] INFO:colcon.colcon_core.executor:Executing jobs using 'parallel' executor
[1.946s] DEBUG:colcon.colcon_parallel_executor.executor.parallel:run_until_complete
[1.948s] INFO:colcon.colcon_ros.task.ament_cmake.build:Building ROS package in '/home/alex/repos/Real-Time-OS/ros2_ws/src/qnx' with build type 'ament_cmake'
[1.948s] INFO:colcon.colcon_cmake.task.cmake.build:Building CMake package in '/home/alex/repos/Real-Time-OS/ros2_ws/src/qnx'
[1.958s] INFO:colcon.colcon_core.plugin_system:Skipping extension 'colcon_core.shell.bat': Not used on non-Windows systems
[1.959s] INFO:colcon.colcon_core.shell:Skip shell extension 'powershell' for command environment: Not usable outside of PowerShell
[1.960s] DEBUG:colcon.colcon_core.shell:Skip shell extension 'dsv' for command environment
[2.020s] DEBUG:colcon.colcon_core.event_handler.log_command:Invoking command in '/home/alex/repos/Real-Time-OS/ros2_ws/build/qnx': CMAKE_PREFIX_PATH=/opt/ros/humble /usr/bin/cmake /home/alex/repos/Real-Time-OS/ros2_ws/src/qnx -DCMAKE_INSTALL_PREFIX=/home/alex/repos/Real-Time-OS/ros2_ws/install/qnx
[9.791s] DEBUG:colcon.colcon_core.event_handler.log_command:Invoked command in '/home/alex/repos/Real-Time-OS/ros2_ws/build/qnx' returned '0': CMAKE_PREFIX_PATH=/opt/ros/humble /usr/bin/cmake /home/alex/repos/Real-Time-OS/ros2_ws/src/qnx -DCMAKE_INSTALL_PREFIX=/home/alex/repos/Real-Time-OS/ros2_ws/install/qnx
[9.803s] DEBUG:colcon.colcon_core.event_handler.log_command:Invoking command in '/home/alex/repos/Real-Time-OS/ros2_ws/build/qnx': CMAKE_PREFIX_PATH=/opt/ros/humble /usr/bin/cmake --build /home/alex/repos/Real-Time-OS/ros2_ws/build/qnx -- -j4 -l4
[56.008s] DEBUG:colcon.colcon_core.event_handler.log_command:Invoked command in '/home/alex/repos/Real-Time-OS/ros2_ws/build/qnx' returned '0': CMAKE_PREFIX_PATH=/opt/ros/humble /usr/bin/cmake --build /home/alex/repos/Real-Time-OS/ros2_ws/build/qnx -- -j4 -l4
[56.070s] DEBUG:colcon.colcon_core.event_handler.log_command:Invoking command in '/home/alex/repos/Real-Time-OS/ros2_ws/build/qnx': CMAKE_PREFIX_PATH=/opt/ros/humble /usr/bin/cmake --install /home/alex/repos/Real-Time-OS/ros2_ws/build/qnx
[56.181s] Level 1:colcon.colcon_core.environment:create_environment_scripts_only(qnx)
[56.187s] DEBUG:colcon.colcon_core.event_handler.log_command:Invoked command in '/home/alex/repos/Real-Time-OS/ros2_ws/build/qnx' returned '0': CMAKE_PREFIX_PATH=/opt/ros/humble /usr/bin/cmake --install /home/alex/repos/Real-Time-OS/ros2_ws/build/qnx
[56.205s] Level 1:colcon.colcon_core.environment:checking '/home/alex/repos/Real-Time-OS/ros2_ws/install/qnx' for CMake module files
[56.208s] Level 1:colcon.colcon_core.environment:checking '/home/alex/repos/Real-Time-OS/ros2_ws/install/qnx' for CMake config files
[56.211s] Level 1:colcon.colcon_core.shell:create_environment_hook('qnx', 'cmake_prefix_path')
[56.214s] INFO:colcon.colcon_core.shell:Creating environment hook '/home/alex/repos/Real-Time-OS/ros2_ws/install/qnx/share/qnx/hook/cmake_prefix_path.ps1'
[56.222s] INFO:colcon.colcon_core.shell:Creating environment descriptor '/home/alex/repos/Real-Time-OS/ros2_ws/install/qnx/share/qnx/hook/cmake_prefix_path.dsv'
[56.227s] INFO:colcon.colcon_core.shell:Creating environment hook '/home/alex/repos/Real-Time-OS/ros2_ws/install/qnx/share/qnx/hook/cmake_prefix_path.sh'
[56.233s] Level 1:colcon.colcon_core.environment:checking '/home/alex/repos/Real-Time-OS/ros2_ws/install/qnx/lib'
[56.235s] Level 1:colcon.colcon_core.environment:checking '/home/alex/repos/Real-Time-OS/ros2_ws/install/qnx/bin'
[56.235s] Level 1:colcon.colcon_core.environment:checking '/home/alex/repos/Real-Time-OS/ros2_ws/install/qnx/lib/pkgconfig/qnx.pc'
[56.238s] Level 1:colcon.colcon_core.environment:checking '/home/alex/repos/Real-Time-OS/ros2_ws/install/qnx/lib/python3.10/site-packages'
[56.240s] Level 1:colcon.colcon_core.environment:checking '/home/alex/repos/Real-Time-OS/ros2_ws/install/qnx/bin'
[56.242s] INFO:colcon.colcon_core.shell:Creating package script '/home/alex/repos/Real-Time-OS/ros2_ws/install/qnx/share/qnx/package.ps1'
[56.248s] INFO:colcon.colcon_core.shell:Creating package descriptor '/home/alex/repos/Real-Time-OS/ros2_ws/install/qnx/share/qnx/package.dsv'
[56.252s] INFO:colcon.colcon_core.shell:Creating package script '/home/alex/repos/Real-Time-OS/ros2_ws/install/qnx/share/qnx/package.sh'
[56.257s] INFO:colcon.colcon_core.shell:Creating package script '/home/alex/repos/Real-Time-OS/ros2_ws/install/qnx/share/qnx/package.bash'
[56.261s] INFO:colcon.colcon_core.shell:Creating package script '/home/alex/repos/Real-Time-OS/ros2_ws/install/qnx/share/qnx/package.zsh'
[56.264s] Level 1:colcon.colcon_core.environment:create_file_with_runtime_dependencies(/home/alex/repos/Real-Time-OS/ros2_ws/install/qnx/share/colcon-core/packages/qnx)
[56.269s] Level 1:colcon.colcon_core.environment:create_environment_scripts_only(qnx)
[56.271s] Level 1:colcon.colcon_core.environment:checking '/home/alex/repos/Real-Time-OS/ros2_ws/install/qnx' for CMake module files
[56.274s] Level 1:colcon.colcon_core.environment:checking '/home/alex/repos/Real-Time-OS/ros2_ws/install/qnx' for CMake config files
[56.277s] Level 1:colcon.colcon_core.shell:create_environment_hook('qnx', 'cmake_prefix_path')
[56.278s] INFO:colcon.colcon_core.shell:Creating environment hook '/home/alex/repos/Real-Time-OS/ros2_ws/install/qnx/share/qnx/hook/cmake_prefix_path.ps1'
[56.281s] INFO:colcon.colcon_core.shell:Creating environment descriptor '/home/alex/repos/Real-Time-OS/ros2_ws/install/qnx/share/qnx/hook/cmake_prefix_path.dsv'
[56.283s] INFO:colcon.colcon_core.shell:Creating environment hook '/home/alex/repos/Real-Time-OS/ros2_ws/install/qnx/share/qnx/hook/cmake_prefix_path.sh'
[56.288s] Level 1:colcon.colcon_core.environment:checking '/home/alex/repos/Real-Time-OS/ros2_ws/install/qnx/lib'
[56.288s] Level 1:colcon.colcon_core.environment:checking '/home/alex/repos/Real-Time-OS/ros2_ws/install/qnx/bin'
[56.288s] Level 1:colcon.colcon_core.environment:checking '/home/alex/repos/Real-Time-OS/ros2_ws/install/qnx/lib/pkgconfig/qnx.pc'
[56.290s] Level 1:colcon.colcon_core.environment:checking '/home/alex/repos/Real-Time-OS/ros2_ws/install/qnx/lib/python3.10/site-packages'
[56.291s] Level 1:colcon.colcon_core.environment:checking '/home/alex/repos/Real-Time-OS/ros2_ws/install/qnx/bin'
[56.293s] INFO:colcon.colcon_core.shell:Creating package script '/home/alex/repos/Real-Time-OS/ros2_ws/install/qnx/share/qnx/package.ps1'
[56.296s] INFO:colcon.colcon_core.shell:Creating package descriptor '/home/alex/repos/Real-Time-OS/ros2_ws/install/qnx/share/qnx/package.dsv'
[56.299s] INFO:colcon.colcon_core.shell:Creating package script '/home/alex/repos/Real-Time-OS/ros2_ws/install/qnx/share/qnx/package.sh'
[56.302s] INFO:colcon.colcon_core.shell:Creating package script '/home/alex/repos/Real-Time-OS/ros2_ws/install/qnx/share/qnx/package.bash'
[56.305s] INFO:colcon.colcon_core.shell:Creating package script '/home/alex/repos/Real-Time-OS/ros2_ws/install/qnx/share/qnx/package.zsh'
[56.307s] Level 1:colcon.colcon_core.environment:create_file_with_runtime_dependencies(/home/alex/repos/Real-Time-OS/ros2_ws/install/qnx/share/colcon-core/packages/qnx)
[56.309s] DEBUG:colcon.colcon_parallel_executor.executor.parallel:closing loop
[56.312s] DEBUG:colcon.colcon_parallel_executor.executor.parallel:loop closed
[56.313s] DEBUG:colcon.colcon_parallel_executor.executor.parallel:run_until_complete finished with '0'
[56.313s] DEBUG:colcon.colcon_core.event_reactor:joining thread
[56.352s] INFO:colcon.colcon_core.plugin_system:Skipping extension 'colcon_notification.desktop_notification.terminal_notifier': Not used on non-Darwin systems
[56.353s] INFO:colcon.colcon_core.plugin_system:Skipping extension 'colcon_notification.desktop_notification.win32': Not used on non-Windows systems
[56.353s] INFO:colcon.colcon_notification.desktop_notification:Sending desktop notification using 'notify2'
[56.421s] DEBUG:colcon.colcon_core.event_reactor:joined thread
[56.423s] INFO:colcon.colcon_core.shell:Creating prefix script '/home/alex/repos/Real-Time-OS/ros2_ws/install/local_setup.ps1'
[56.428s] INFO:colcon.colcon_core.shell:Creating prefix util module '/home/alex/repos/Real-Time-OS/ros2_ws/install/_local_setup_util_ps1.py'
[56.441s] INFO:colcon.colcon_core.shell:Creating prefix chain script '/home/alex/repos/Real-Time-OS/ros2_ws/install/setup.ps1'
[56.451s] INFO:colcon.colcon_core.shell:Creating prefix script '/home/alex/repos/Real-Time-OS/ros2_ws/install/local_setup.sh'
[56.464s] INFO:colcon.colcon_core.shell:Creating prefix util module '/home/alex/repos/Real-Time-OS/ros2_ws/install/_local_setup_util_sh.py'
[56.472s] INFO:colcon.colcon_core.shell:Creating prefix chain script '/home/alex/repos/Real-Time-OS/ros2_ws/install/setup.sh'
[56.483s] INFO:colcon.colcon_core.shell:Creating prefix script '/home/alex/repos/Real-Time-OS/ros2_ws/install/local_setup.bash'
[56.490s] INFO:colcon.colcon_core.shell:Creating prefix chain script '/home/alex/repos/Real-Time-OS/ros2_ws/install/setup.bash'
[56.500s] INFO:colcon.colcon_core.shell:Creating prefix script '/home/alex/repos/Real-Time-OS/ros2_ws/install/local_setup.zsh'
[56.504s] INFO:colcon.colcon_core.shell:Creating prefix chain script '/home/alex/repos/Real-Time-OS/ros2_ws/install/setup.zsh'
