[0.064s] Invoking command in '/home/alex/repos/Real-Time-OS/ros2_ws/build/qnx': CMAKE_PREFIX_PATH=${CMAKE_PREFIX_PATH}:/opt/ros/humble /usr/bin/cmake --build /home/alex/repos/Real-Time-OS/ros2_ws/build/qnx -- -j4 -l4
[0.541s] [100%] Built target qnx
[0.588s] Invoked command in '/home/alex/repos/Real-Time-OS/ros2_ws/build/qnx' returned '0': CMAKE_PREFIX_PATH=${CMAKE_PREFIX_PATH}:/opt/ros/humble /usr/bin/cmake --build /home/alex/repos/Real-Time-OS/ros2_ws/build/qnx -- -j4 -l4
[0.638s] Invoking command in '/home/alex/repos/Real-Time-OS/ros2_ws/build/qnx': CMAKE_PREFIX_PATH=${CMAKE_PREFIX_PATH}:/opt/ros/humble /usr/bin/cmake --install /home/alex/repos/Real-Time-OS/ros2_ws/build/qnx
[0.668s] -- Install configuration: ""
[0.669s] -- Up-to-date: /home/alex/repos/Real-Time-OS/ros2_ws/install/qnx/lib/qnx/qnx
[0.671s] -- Up-to-date: /home/alex/repos/Real-Time-OS/ros2_ws/install/qnx/share/ament_index/resource_index/package_run_dependencies/qnx
[0.671s] -- Up-to-date: /home/alex/repos/Real-Time-OS/ros2_ws/install/qnx/share/ament_index/resource_index/parent_prefix_path/qnx
[0.672s] -- Up-to-date: /home/alex/repos/Real-Time-OS/ros2_ws/install/qnx/share/qnx/environment/ament_prefix_path.sh
[0.673s] -- Up-to-date: /home/alex/repos/Real-Time-OS/ros2_ws/install/qnx/share/qnx/environment/ament_prefix_path.dsv
[0.674s] -- Up-to-date: /home/alex/repos/Real-Time-OS/ros2_ws/install/qnx/share/qnx/environment/path.sh
[0.674s] -- Up-to-date: /home/alex/repos/Real-Time-OS/ros2_ws/install/qnx/share/qnx/environment/path.dsv
[0.675s] -- Up-to-date: /home/alex/repos/Real-Time-OS/ros2_ws/install/qnx/share/qnx/local_setup.bash
[0.675s] -- Up-to-date: /home/alex/repos/Real-Time-OS/ros2_ws/install/qnx/share/qnx/local_setup.sh
[0.676s] -- Up-to-date: /home/alex/repos/Real-Time-OS/ros2_ws/install/qnx/share/qnx/local_setup.zsh
[0.676s] -- Up-to-date: /home/alex/repos/Real-Time-OS/ros2_ws/install/qnx/share/qnx/local_setup.dsv
[0.677s] -- Installing: /home/alex/repos/Real-Time-OS/ros2_ws/install/qnx/share/qnx/package.dsv
[0.678s] -- Up-to-date: /home/alex/repos/Real-Time-OS/ros2_ws/install/qnx/share/ament_index/resource_index/packages/qnx
[0.678s] -- Up-to-date: /home/alex/repos/Real-Time-OS/ros2_ws/install/qnx/share/qnx/cmake/qnxConfig.cmake
[0.679s] -- Up-to-date: /home/alex/repos/Real-Time-OS/ros2_ws/install/qnx/share/qnx/cmake/qnxConfig-version.cmake
[0.679s] -- Up-to-date: /home/alex/repos/Real-Time-OS/ros2_ws/install/qnx/share/qnx/package.xml
[0.686s] Invoked command in '/home/alex/repos/Real-Time-OS/ros2_ws/build/qnx' returned '0': CMAKE_PREFIX_PATH=${CMAKE_PREFIX_PATH}:/opt/ros/humble /usr/bin/cmake --install /home/alex/repos/Real-Time-OS/ros2_ws/build/qnx
