[0.776s] DEBUG:colcon:Command line arguments: ['/usr/bin/colcon', 'build']
[0.777s] DEBUG:colcon:Parsed command line arguments: Namespace(log_base=None, log_level=None, verb_name='build', build_base='build', install_base='install', merge_install=False, symlink_install=False, test_result_base=None, continue_on_error=False, executor='parallel', parallel_workers=4, event_handlers=None, ignore_user_meta=False, metas=['./colcon.meta'], base_paths=['.'], packages_ignore=None, packages_ignore_regex=None, paths=None, packages_up_to=None, packages_up_to_regex=None, packages_above=None, packages_above_and_dependencies=None, packages_above_depth=None, packages_select_by_dep=None, packages_skip_by_dep=None, packages_skip_up_to=None, packages_select_build_failed=False, packages_skip_build_finished=False, packages_select_test_failures=False, packages_skip_test_passed=False, packages_select=None, packages_skip=None, packages_select_regex=None, packages_skip_regex=None, packages_start=None, packages_end=None, allow_overriding=[], cmake_args=None, cmake_target=None, cmake_target_skip_unavailable=False, cmake_clean_cache=False, cmake_clean_first=False, cmake_force_configure=False, ament_cmake_args=None, catkin_cmake_args=None, catkin_skip_building_tests=False, verb_parser=<colcon_defaults.argument_parser.defaults.DefaultArgumentsDecorator object at 0xffffa5adb850>, verb_extension=<colcon_core.verb.build.BuildVerb object at 0xffffa5cc0c40>, main=<bound method BuildVerb.main of <colcon_core.verb.build.BuildVerb object at 0xffffa5cc0c40>>)
[2.234s] Level 1:colcon.colcon_core.package_discovery:discover_packages(colcon_meta) check parameters
[2.235s] Level 1:colcon.colcon_core.package_discovery:discover_packages(recursive) check parameters
[2.235s] Level 1:colcon.colcon_core.package_discovery:discover_packages(ignore) check parameters
[2.235s] Level 1:colcon.colcon_core.package_discovery:discover_packages(path) check parameters
[2.236s] Level 1:colcon.colcon_core.package_discovery:discover_packages(colcon_meta) discover
[2.236s] Level 1:colcon.colcon_core.package_discovery:discover_packages(recursive) discover
[2.236s] INFO:colcon.colcon_core.package_discovery:Crawling recursively for packages in '/home/alex/repos/Real-Time-OS/ros2_ws'
[2.237s] Level 1:colcon.colcon_core.package_identification:_identify(.) by extensions ['ignore', 'ignore_ament_install']
[2.237s] Level 1:colcon.colcon_core.package_identification:_identify(.) by extension 'ignore'
[2.238s] Level 1:colcon.colcon_core.package_identification:_identify(.) by extension 'ignore_ament_install'
[2.238s] Level 1:colcon.colcon_core.package_identification:_identify(.) by extensions ['colcon_pkg']
[2.238s] Level 1:colcon.colcon_core.package_identification:_identify(.) by extension 'colcon_pkg'
[2.238s] Level 1:colcon.colcon_core.package_identification:_identify(.) by extensions ['colcon_meta']
[2.239s] Level 1:colcon.colcon_core.package_identification:_identify(.) by extension 'colcon_meta'
[2.239s] Level 1:colcon.colcon_core.package_identification:_identify(.) by extensions ['ros']
[2.239s] Level 1:colcon.colcon_core.package_identification:_identify(.) by extension 'ros'
[2.294s] Level 1:colcon.colcon_core.package_identification:_identify(.) by extensions ['cmake', 'python']
[2.294s] Level 1:colcon.colcon_core.package_identification:_identify(.) by extension 'cmake'
[2.295s] Level 1:colcon.colcon_core.package_identification:_identify(.) by extension 'python'
[2.295s] Level 1:colcon.colcon_core.package_identification:_identify(.) by extensions ['python_setup_py']
[2.295s] Level 1:colcon.colcon_core.package_identification:_identify(.) by extension 'python_setup_py'
[2.296s] Level 1:colcon.colcon_core.package_identification:_identify(build) by extensions ['ignore', 'ignore_ament_install']
[2.296s] Level 1:colcon.colcon_core.package_identification:_identify(build) by extension 'ignore'
[2.297s] Level 1:colcon.colcon_core.package_identification:_identify(build) ignored
[2.297s] Level 1:colcon.colcon_core.package_identification:_identify(install) by extensions ['ignore', 'ignore_ament_install']
[2.298s] Level 1:colcon.colcon_core.package_identification:_identify(install) by extension 'ignore'
[2.298s] Level 1:colcon.colcon_core.package_identification:_identify(install) ignored
[2.299s] Level 1:colcon.colcon_core.package_identification:_identify(log) by extensions ['ignore', 'ignore_ament_install']
[2.299s] Level 1:colcon.colcon_core.package_identification:_identify(log) by extension 'ignore'
[2.299s] Level 1:colcon.colcon_core.package_identification:_identify(log) ignored
[2.300s] Level 1:colcon.colcon_core.package_identification:_identify(src) by extensions ['ignore', 'ignore_ament_install']
[2.300s] Level 1:colcon.colcon_core.package_identification:_identify(src) by extension 'ignore'
[2.300s] Level 1:colcon.colcon_core.package_identification:_identify(src) by extension 'ignore_ament_install'
[2.300s] Level 1:colcon.colcon_core.package_identification:_identify(src) by extensions ['colcon_pkg']
[2.300s] Level 1:colcon.colcon_core.package_identification:_identify(src) by extension 'colcon_pkg'
[2.301s] Level 1:colcon.colcon_core.package_identification:_identify(src) by extensions ['colcon_meta']
[2.301s] Level 1:colcon.colcon_core.package_identification:_identify(src) by extension 'colcon_meta'
[2.301s] Level 1:colcon.colcon_core.package_identification:_identify(src) by extensions ['ros']
[2.301s] Level 1:colcon.colcon_core.package_identification:_identify(src) by extension 'ros'
[2.302s] Level 1:colcon.colcon_core.package_identification:_identify(src) by extensions ['cmake', 'python']
[2.302s] Level 1:colcon.colcon_core.package_identification:_identify(src) by extension 'cmake'
[2.302s] Level 1:colcon.colcon_core.package_identification:_identify(src) by extension 'python'
[2.302s] Level 1:colcon.colcon_core.package_identification:_identify(src) by extensions ['python_setup_py']
[2.302s] Level 1:colcon.colcon_core.package_identification:_identify(src) by extension 'python_setup_py'
[2.303s] Level 1:colcon.colcon_core.package_identification:_identify(src/qnx) by extensions ['ignore', 'ignore_ament_install']
[2.303s] Level 1:colcon.colcon_core.package_identification:_identify(src/qnx) by extension 'ignore'
[2.303s] Level 1:colcon.colcon_core.package_identification:_identify(src/qnx) by extension 'ignore_ament_install'
[2.304s] Level 1:colcon.colcon_core.package_identification:_identify(src/qnx) by extensions ['colcon_pkg']
[2.304s] Level 1:colcon.colcon_core.package_identification:_identify(src/qnx) by extension 'colcon_pkg'
[2.304s] Level 1:colcon.colcon_core.package_identification:_identify(src/qnx) by extensions ['colcon_meta']
[2.304s] Level 1:colcon.colcon_core.package_identification:_identify(src/qnx) by extension 'colcon_meta'
[2.304s] Level 1:colcon.colcon_core.package_identification:_identify(src/qnx) by extensions ['ros']
[2.304s] Level 1:colcon.colcon_core.package_identification:_identify(src/qnx) by extension 'ros'
[2.318s] DEBUG:colcon.colcon_core.package_identification:Package 'src/qnx' with type 'ros.ament_cmake' and name 'imu_bridge_qnx'
[2.319s] Level 1:colcon.colcon_core.package_discovery:discover_packages(recursive) using defaults
[2.319s] Level 1:colcon.colcon_core.package_discovery:discover_packages(ignore) discover
[2.319s] Level 1:colcon.colcon_core.package_discovery:discover_packages(ignore) using defaults
[2.319s] Level 1:colcon.colcon_core.package_discovery:discover_packages(path) discover
[2.319s] Level 1:colcon.colcon_core.package_discovery:discover_packages(path) using defaults
[2.448s] Level 1:colcon.colcon_core.package_discovery:discover_packages(prefix_path) check parameters
[2.448s] Level 1:colcon.colcon_core.package_discovery:discover_packages(prefix_path) discover
[2.475s] DEBUG:colcon.colcon_installed_package_information.package_discovery:Found 272 installed packages in /opt/ros/humble
[2.526s] Level 1:colcon.colcon_core.package_discovery:discover_packages(prefix_path) using defaults
[2.727s] Level 5:colcon.colcon_core.verb:set package 'imu_bridge_qnx' build argument 'cmake_args' from command line to 'None'
[2.727s] Level 5:colcon.colcon_core.verb:set package 'imu_bridge_qnx' build argument 'cmake_target' from command line to 'None'
[2.727s] Level 5:colcon.colcon_core.verb:set package 'imu_bridge_qnx' build argument 'cmake_target_skip_unavailable' from command line to 'False'
[2.727s] Level 5:colcon.colcon_core.verb:set package 'imu_bridge_qnx' build argument 'cmake_clean_cache' from command line to 'False'
[2.727s] Level 5:colcon.colcon_core.verb:set package 'imu_bridge_qnx' build argument 'cmake_clean_first' from command line to 'False'
[2.728s] Level 5:colcon.colcon_core.verb:set package 'imu_bridge_qnx' build argument 'cmake_force_configure' from command line to 'False'
[2.728s] Level 5:colcon.colcon_core.verb:set package 'imu_bridge_qnx' build argument 'ament_cmake_args' from command line to 'None'
[2.728s] Level 5:colcon.colcon_core.verb:set package 'imu_bridge_qnx' build argument 'catkin_cmake_args' from command line to 'None'
[2.728s] Level 5:colcon.colcon_core.verb:set package 'imu_bridge_qnx' build argument 'catkin_skip_building_tests' from command line to 'False'
[2.728s] DEBUG:colcon.colcon_core.verb:Building package 'imu_bridge_qnx' with the following arguments: {'ament_cmake_args': None, 'build_base': '/home/alex/repos/Real-Time-OS/ros2_ws/build/imu_bridge_qnx', 'catkin_cmake_args': None, 'catkin_skip_building_tests': False, 'cmake_args': None, 'cmake_clean_cache': False, 'cmake_clean_first': False, 'cmake_force_configure': False, 'cmake_target': None, 'cmake_target_skip_unavailable': False, 'install_base': '/home/alex/repos/Real-Time-OS/ros2_ws/install/imu_bridge_qnx', 'merge_install': False, 'path': '/home/alex/repos/Real-Time-OS/ros2_ws/src/qnx', 'symlink_install': False, 'test_result_base': None}
[2.729s] INFO:colcon.colcon_core.executor:Executing jobs using 'parallel' executor
[2.732s] DEBUG:colcon.colcon_parallel_executor.executor.parallel:run_until_complete
[2.733s] INFO:colcon.colcon_ros.task.ament_cmake.build:Building ROS package in '/home/alex/repos/Real-Time-OS/ros2_ws/src/qnx' with build type 'ament_cmake'
[2.734s] INFO:colcon.colcon_cmake.task.cmake.build:Building CMake package in '/home/alex/repos/Real-Time-OS/ros2_ws/src/qnx'
[2.761s] INFO:colcon.colcon_core.plugin_system:Skipping extension 'colcon_core.shell.bat': Not used on non-Windows systems
[2.764s] INFO:colcon.colcon_core.shell:Skip shell extension 'powershell' for command environment: Not usable outside of PowerShell
[2.764s] DEBUG:colcon.colcon_core.shell:Skip shell extension 'dsv' for command environment
[2.818s] DEBUG:colcon.colcon_core.event_handler.log_command:Invoking command in '/home/alex/repos/Real-Time-OS/ros2_ws/build/imu_bridge_qnx': CMAKE_PREFIX_PATH=/opt/ros/humble /usr/bin/cmake /home/alex/repos/Real-Time-OS/ros2_ws/src/qnx -DCMAKE_INSTALL_PREFIX=/home/alex/repos/Real-Time-OS/ros2_ws/install/imu_bridge_qnx
[15.008s] DEBUG:colcon.colcon_core.event_handler.log_command:Invoked command in '/home/alex/repos/Real-Time-OS/ros2_ws/build/imu_bridge_qnx' returned '1': CMAKE_PREFIX_PATH=/opt/ros/humble /usr/bin/cmake /home/alex/repos/Real-Time-OS/ros2_ws/src/qnx -DCMAKE_INSTALL_PREFIX=/home/alex/repos/Real-Time-OS/ros2_ws/install/imu_bridge_qnx
[15.064s] Level 1:colcon.colcon_core.environment:create_environment_scripts_only(imu_bridge_qnx)
[16.186s] Level 1:colcon.colcon_core.environment:checking '/home/alex/repos/Real-Time-OS/ros2_ws/install/imu_bridge_qnx' for CMake module files
[16.188s] Level 1:colcon.colcon_core.environment:checking '/home/alex/repos/Real-Time-OS/ros2_ws/install/imu_bridge_qnx' for CMake config files
[16.190s] Level 1:colcon.colcon_core.environment:checking '/home/alex/repos/Real-Time-OS/ros2_ws/install/imu_bridge_qnx/bin'
[16.190s] Level 1:colcon.colcon_core.environment:checking '/home/alex/repos/Real-Time-OS/ros2_ws/install/imu_bridge_qnx/lib/pkgconfig/imu_bridge_qnx.pc'
[16.191s] Level 1:colcon.colcon_core.environment:checking '/home/alex/repos/Real-Time-OS/ros2_ws/install/imu_bridge_qnx/lib/python3.10/site-packages'
[16.193s] Level 1:colcon.colcon_core.environment:checking '/home/alex/repos/Real-Time-OS/ros2_ws/install/imu_bridge_qnx/bin'
[16.194s] INFO:colcon.colcon_core.shell:Creating package script '/home/alex/repos/Real-Time-OS/ros2_ws/install/imu_bridge_qnx/share/imu_bridge_qnx/package.ps1'
[16.200s] INFO:colcon.colcon_core.shell:Creating package descriptor '/home/alex/repos/Real-Time-OS/ros2_ws/install/imu_bridge_qnx/share/imu_bridge_qnx/package.dsv'
[16.203s] INFO:colcon.colcon_core.shell:Creating package script '/home/alex/repos/Real-Time-OS/ros2_ws/install/imu_bridge_qnx/share/imu_bridge_qnx/package.sh'
[16.208s] INFO:colcon.colcon_core.shell:Creating package script '/home/alex/repos/Real-Time-OS/ros2_ws/install/imu_bridge_qnx/share/imu_bridge_qnx/package.bash'
[16.215s] INFO:colcon.colcon_core.shell:Creating package script '/home/alex/repos/Real-Time-OS/ros2_ws/install/imu_bridge_qnx/share/imu_bridge_qnx/package.zsh'
[16.220s] Level 1:colcon.colcon_core.environment:create_file_with_runtime_dependencies(/home/alex/repos/Real-Time-OS/ros2_ws/install/imu_bridge_qnx/share/colcon-core/packages/imu_bridge_qnx)
[16.232s] DEBUG:colcon.colcon_parallel_executor.executor.parallel:closing loop
[16.232s] DEBUG:colcon.colcon_parallel_executor.executor.parallel:loop closed
[16.233s] DEBUG:colcon.colcon_parallel_executor.executor.parallel:run_until_complete finished with '1'
[16.234s] DEBUG:colcon.colcon_core.event_reactor:joining thread
[16.272s] INFO:colcon.colcon_core.plugin_system:Skipping extension 'colcon_notification.desktop_notification.terminal_notifier': Not used on non-Darwin systems
[16.272s] INFO:colcon.colcon_core.plugin_system:Skipping extension 'colcon_notification.desktop_notification.win32': Not used on non-Windows systems
[16.273s] INFO:colcon.colcon_notification.desktop_notification:Sending desktop notification using 'notify2'
[16.354s] DEBUG:colcon.colcon_core.event_reactor:joined thread
[16.356s] INFO:colcon.colcon_core.shell:Creating prefix script '/home/alex/repos/Real-Time-OS/ros2_ws/install/local_setup.ps1'
[16.363s] INFO:colcon.colcon_core.shell:Creating prefix util module '/home/alex/repos/Real-Time-OS/ros2_ws/install/_local_setup_util_ps1.py'
[16.373s] INFO:colcon.colcon_core.shell:Creating prefix chain script '/home/alex/repos/Real-Time-OS/ros2_ws/install/setup.ps1'
[16.382s] INFO:colcon.colcon_core.shell:Creating prefix script '/home/alex/repos/Real-Time-OS/ros2_ws/install/local_setup.sh'
[16.389s] INFO:colcon.colcon_core.shell:Creating prefix util module '/home/alex/repos/Real-Time-OS/ros2_ws/install/_local_setup_util_sh.py'
[16.394s] INFO:colcon.colcon_core.shell:Creating prefix chain script '/home/alex/repos/Real-Time-OS/ros2_ws/install/setup.sh'
[16.404s] INFO:colcon.colcon_core.shell:Creating prefix script '/home/alex/repos/Real-Time-OS/ros2_ws/install/local_setup.bash'
[16.409s] INFO:colcon.colcon_core.shell:Creating prefix chain script '/home/alex/repos/Real-Time-OS/ros2_ws/install/setup.bash'
[16.418s] INFO:colcon.colcon_core.shell:Creating prefix script '/home/alex/repos/Real-Time-OS/ros2_ws/install/local_setup.zsh'
[16.425s] INFO:colcon.colcon_core.shell:Creating prefix chain script '/home/alex/repos/Real-Time-OS/ros2_ws/install/setup.zsh'
