[0.072s] Invoking command in '/home/alex/repos/Real-Time-OS/ros2_ws/build/imu_bridge_qnx': CMAKE_PREFIX_PATH=/opt/ros/humble /usr/bin/cmake /home/alex/repos/Real-Time-OS/ros2_ws/src/qnx -DCMAKE_INSTALL_PREFIX=/home/alex/repos/Real-Time-OS/ros2_ws/install/imu_bridge_qnx
[0.190s] -- Found ament_cmake: 1.3.12 (/opt/ros/humble/share/ament_cmake/cmake)
[0.891s] -- Found rclcpp: 16.0.17 (/opt/ros/humble/share/rclcpp/cmake)
[1.104s] -- Found rosidl_generator_c: 3.1.8 (/opt/ros/humble/share/rosidl_generator_c/cmake)
[1.117s] -- Found rosidl_adapter: 3.1.8 (/opt/ros/humble/share/rosidl_adapter/cmake)
[1.150s] -- Found rosidl_generator_cpp: 3.1.8 (/opt/ros/humble/share/rosidl_generator_cpp/cmake)
[1.195s] -- Using all available rosidl_typesupport_c: rosidl_typesupport_fastrtps_c;rosidl_typesupport_introspection_c
[1.258s] -- Using all available rosidl_typesupport_cpp: rosidl_typesupport_fastrtps_cpp;rosidl_typesupport_introspection_cpp
[1.418s] -- Found rmw_implementation_cmake: 6.1.2 (/opt/ros/humble/share/rmw_implementation_cmake/cmake)
[1.427s] -- Found rmw_fastrtps_cpp: 6.2.9 (/opt/ros/humble/share/rmw_fastrtps_cpp/cmake)
[2.592s] -- Using RMW implementation 'rmw_fastrtps_cpp' as default
[2.817s] -- Found sensor_msgs: 4.9.0 (/opt/ros/humble/share/sensor_msgs/cmake)
[3.286s] [31mCMake Error at /opt/ros/humble/share/ament_cmake_core/cmake/core/ament_package_xml.cmake:53 (message):
[3.286s]   ament_package_xml() package name 'imu_bridge_qnx' in '/package.xml' does
[3.287s]   not match current PROJECT_NAME 'qnx'.  You must call project() with the
[3.287s]   same package name before.
[3.289s] Call Stack (most recent call first):
[3.290s]   /opt/ros/humble/share/ament_cmake_core/cmake/core/ament_package.cmake:63 (ament_package_xml)
[3.291s]   CMakeLists.txt:29 (ament_package)
[3.292s] 
[3.293s] [0m
[3.294s] -- Configuring incomplete, errors occurred!
[3.295s] See also "/home/alex/repos/Real-Time-OS/ros2_ws/build/imu_bridge_qnx/CMakeFiles/CMakeOutput.log".
[3.334s] Invoked command in '/home/alex/repos/Real-Time-OS/ros2_ws/build/imu_bridge_qnx' returned '1': CMAKE_PREFIX_PATH=/opt/ros/humble /usr/bin/cmake /home/alex/repos/Real-Time-OS/ros2_ws/src/qnx -DCMAKE_INSTALL_PREFIX=/home/alex/repos/Real-Time-OS/ros2_ws/install/imu_bridge_qnx
